{"D:\\Tutorial\\Node-JS-Vidly\\index.js": {"path":"D:\\Tutorial\\Node-JS-Vidly\\index.js","statementMap":{"0":{"start":{"line":2,"column":16},"end":{"line":2,"column":34}},"1":{"start":{"line":3,"column":16},"end":{"line":3,"column":34}},"2":{"start":{"line":4,"column":12},"end":{"line":4,"column":21}},"3":{"start":{"line":6,"column":0},"end":{"line":6,"column":30}},"4":{"start":{"line":7,"column":0},"end":{"line":7,"column":32}},"5":{"start":{"line":8,"column":0},"end":{"line":8,"column":25}},"6":{"start":{"line":9,"column":0},"end":{"line":9,"column":29}},"7":{"start":{"line":10,"column":0},"end":{"line":10,"column":26}},"8":{"start":{"line":12,"column":13},"end":{"line":12,"column":37}},"9":{"start":{"line":13,"column":14},"end":{"line":13,"column":71}},"10":{"start":{"line":13,"column":34},"end":{"line":13,"column":70}},"11":{"start":{"line":15,"column":0},"end":{"line":15,"column":23}}},"fnMap":{"0":{"name":"(anonymous_0)","decl":{"start":{"line":13,"column":30},"end":{"line":13,"column":31}},"loc":{"start":{"line":13,"column":34},"end":{"line":13,"column":70}},"line":13}},"branchMap":{"0":{"loc":{"start":{"line":12,"column":13},"end":{"line":12,"column":37}},"type":"binary-expr","locations":[{"start":{"line":12,"column":13},"end":{"line":12,"column":29}},{"start":{"line":12,"column":33},"end":{"line":12,"column":37}}],"line":12}},"s":{"0":2,"1":2,"2":2,"3":2,"4":2,"5":2,"6":2,"7":2,"8":2,"9":2,"10":2,"11":2},"f":{"0":2},"b":{"0":[2,2]},"_coverageSchema":"1a1c01bbd47fc00a2c39e90264f33305004495a9","hash":"12474b7a01d1d2ff181415de2e6b05bb99610bae"}
,"D:\\Tutorial\\Node-JS-Vidly\\middleware\\admin.js": {"path":"D:\\Tutorial\\Node-JS-Vidly\\middleware\\admin.js","statementMap":{"0":{"start":{"line":2,"column":0},"end":{"line":8,"column":1}},"1":{"start":{"line":5,"column":4},"end":{"line":5,"column":69}},"2":{"start":{"line":5,"column":26},"end":{"line":5,"column":69}},"3":{"start":{"line":7,"column":4},"end":{"line":7,"column":10}}},"fnMap":{"0":{"name":"(anonymous_0)","decl":{"start":{"line":2,"column":17},"end":{"line":2,"column":18}},"loc":{"start":{"line":2,"column":40},"end":{"line":8,"column":1}},"line":2}},"branchMap":{"0":{"loc":{"start":{"line":5,"column":4},"end":{"line":5,"column":69}},"type":"if","locations":[{"start":{"line":5,"column":4},"end":{"line":5,"column":69}},{"start":{},"end":{}}],"line":5}},"s":{"0":2,"1":0,"2":0,"3":0},"f":{"0":0},"b":{"0":[0,0]},"_coverageSchema":"1a1c01bbd47fc00a2c39e90264f33305004495a9","hash":"6ce4ee2a50d066cbdd39a57acf376f9f63313726"}
,"D:\\Tutorial\\Node-JS-Vidly\\middleware\\async.js": {"path":"D:\\Tutorial\\Node-JS-Vidly\\middleware\\async.js","statementMap":{"0":{"start":{"line":1,"column":0},"end":{"line":9,"column":1}},"1":{"start":{"line":2,"column":4},"end":{"line":8,"column":5}},"2":{"start":{"line":3,"column":8},"end":{"line":7,"column":9}},"3":{"start":{"line":4,"column":12},"end":{"line":4,"column":35}},"4":{"start":{"line":6,"column":12},"end":{"line":6,"column":21}}},"fnMap":{"0":{"name":"(anonymous_0)","decl":{"start":{"line":1,"column":17},"end":{"line":1,"column":18}},"loc":{"start":{"line":1,"column":36},"end":{"line":9,"column":1}},"line":1},"1":{"name":"(anonymous_1)","decl":{"start":{"line":2,"column":11},"end":{"line":2,"column":12}},"loc":{"start":{"line":2,"column":37},"end":{"line":8,"column":5}},"line":2}},"branchMap":{},"s":{"0":2,"1":2,"2":5,"3":5,"4":0},"f":{"0":2,"1":5},"b":{},"_coverageSchema":"1a1c01bbd47fc00a2c39e90264f33305004495a9","hash":"b4d78620f3c554ef6ba2d3a2099b95f3296d1c40"}
,"D:\\Tutorial\\Node-JS-Vidly\\middleware\\auth.js": {"path":"D:\\Tutorial\\Node-JS-Vidly\\middleware\\auth.js","statementMap":{"0":{"start":{"line":1,"column":12},"end":{"line":1,"column":35}},"1":{"start":{"line":2,"column":15},"end":{"line":2,"column":32}},"2":{"start":{"line":4,"column":0},"end":{"line":14,"column":1}},"3":{"start":{"line":5,"column":18},"end":{"line":5,"column":44}},"4":{"start":{"line":6,"column":4},"end":{"line":6,"column":79}},"5":{"start":{"line":6,"column":15},"end":{"line":6,"column":79}},"6":{"start":{"line":8,"column":4},"end":{"line":13,"column":5}},"7":{"start":{"line":9,"column":8},"end":{"line":9,"column":65}},"8":{"start":{"line":10,"column":8},"end":{"line":10,"column":14}},"9":{"start":{"line":12,"column":8},"end":{"line":12,"column":46}}},"fnMap":{"0":{"name":"(anonymous_0)","decl":{"start":{"line":4,"column":17},"end":{"line":4,"column":18}},"loc":{"start":{"line":4,"column":40},"end":{"line":14,"column":1}},"line":4}},"branchMap":{"0":{"loc":{"start":{"line":6,"column":4},"end":{"line":6,"column":79}},"type":"if","locations":[{"start":{"line":6,"column":4},"end":{"line":6,"column":79}},{"start":{},"end":{}}],"line":6}},"s":{"0":3,"1":3,"2":3,"3":9,"4":9,"5":2,"6":7,"7":7,"8":6,"9":1},"f":{"0":9},"b":{"0":[2,7]},"_coverageSchema":"1a1c01bbd47fc00a2c39e90264f33305004495a9","hash":"6eaa110916623542b3dc09b015acc7cecd48c02f"}
,"D:\\Tutorial\\Node-JS-Vidly\\middleware\\error.js": {"path":"D:\\Tutorial\\Node-JS-Vidly\\middleware\\error.js","statementMap":{"0":{"start":{"line":1,"column":16},"end":{"line":1,"column":34}},"1":{"start":{"line":3,"column":0},"end":{"line":14,"column":1}},"2":{"start":{"line":4,"column":4},"end":{"line":4,"column":46}},"3":{"start":{"line":13,"column":4},"end":{"line":13,"column":44}}},"fnMap":{"0":{"name":"(anonymous_0)","decl":{"start":{"line":3,"column":17},"end":{"line":3,"column":18}},"loc":{"start":{"line":3,"column":45},"end":{"line":14,"column":1}},"line":3}},"branchMap":{},"s":{"0":2,"1":2,"2":0,"3":0},"f":{"0":0},"b":{},"_coverageSchema":"1a1c01bbd47fc00a2c39e90264f33305004495a9","hash":"058f714d98d69619f72932ae2518b13778cc4064"}
,"D:\\Tutorial\\Node-JS-Vidly\\middleware\\validateObjetId.js": {"path":"D:\\Tutorial\\Node-JS-Vidly\\middleware\\validateObjetId.js","statementMap":{"0":{"start":{"line":1,"column":17},"end":{"line":1,"column":36}},"1":{"start":{"line":3,"column":0},"end":{"line":8,"column":1}},"2":{"start":{"line":4,"column":4},"end":{"line":5,"column":49}},"3":{"start":{"line":5,"column":8},"end":{"line":5,"column":49}},"4":{"start":{"line":7,"column":4},"end":{"line":7,"column":10}}},"fnMap":{"0":{"name":"(anonymous_0)","decl":{"start":{"line":3,"column":17},"end":{"line":3,"column":18}},"loc":{"start":{"line":3,"column":42},"end":{"line":8,"column":1}},"line":3}},"branchMap":{"0":{"loc":{"start":{"line":4,"column":4},"end":{"line":5,"column":49}},"type":"if","locations":[{"start":{"line":4,"column":4},"end":{"line":5,"column":49}},{"start":{},"end":{}}],"line":4}},"s":{"0":2,"1":2,"2":3,"3":1,"4":2},"f":{"0":3},"b":{"0":[1,2]},"_coverageSchema":"1a1c01bbd47fc00a2c39e90264f33305004495a9","hash":"0601eb37d418ba05e4cca76401c856d814f25709"}
,"D:\\Tutorial\\Node-JS-Vidly\\models\\customer.js": {"path":"D:\\Tutorial\\Node-JS-Vidly\\models\\customer.js","statementMap":{"0":{"start":{"line":1,"column":17},"end":{"line":1,"column":36}},"1":{"start":{"line":2,"column":12},"end":{"line":2,"column":26}},"2":{"start":{"line":4,"column":17},"end":{"line":21,"column":3}},"3":{"start":{"line":23,"column":25},"end":{"line":32,"column":1}},"4":{"start":{"line":24,"column":18},"end":{"line":30,"column":5}},"5":{"start":{"line":31,"column":4},"end":{"line":31,"column":36}},"6":{"start":{"line":34,"column":0},"end":{"line":34,"column":27}},"7":{"start":{"line":35,"column":0},"end":{"line":35,"column":35}}},"fnMap":{"0":{"name":"(anonymous_0)","decl":{"start":{"line":23,"column":25},"end":{"line":23,"column":26}},"loc":{"start":{"line":23,"column":39},"end":{"line":32,"column":1}},"line":23}},"branchMap":{},"s":{"0":2,"1":2,"2":2,"3":2,"4":0,"5":0,"6":2,"7":2},"f":{"0":0},"b":{},"_coverageSchema":"1a1c01bbd47fc00a2c39e90264f33305004495a9","hash":"1e2322be06e85876f7df936b906cf48a4e0d8926"}
,"D:\\Tutorial\\Node-JS-Vidly\\models\\genre.js": {"path":"D:\\Tutorial\\Node-JS-Vidly\\models\\genre.js","statementMap":{"0":{"start":{"line":1,"column":12},"end":{"line":1,"column":26}},"1":{"start":{"line":2,"column":17},"end":{"line":2,"column":36}},"2":{"start":{"line":4,"column":20},"end":{"line":11,"column":2}},"3":{"start":{"line":13,"column":14},"end":{"line":13,"column":51}},"4":{"start":{"line":15,"column":25},"end":{"line":22,"column":1}},"5":{"start":{"line":16,"column":18},"end":{"line":20,"column":5}},"6":{"start":{"line":21,"column":4},"end":{"line":21,"column":33}},"7":{"start":{"line":24,"column":0},"end":{"line":24,"column":21}},"8":{"start":{"line":25,"column":0},"end":{"line":25,"column":35}},"9":{"start":{"line":26,"column":0},"end":{"line":26,"column":33}}},"fnMap":{"0":{"name":"(anonymous_0)","decl":{"start":{"line":15,"column":25},"end":{"line":15,"column":26}},"loc":{"start":{"line":15,"column":36},"end":{"line":22,"column":1}},"line":15}},"branchMap":{},"s":{"0":2,"1":2,"2":2,"3":2,"4":2,"5":5,"6":5,"7":2,"8":2,"9":2},"f":{"0":5},"b":{},"_coverageSchema":"1a1c01bbd47fc00a2c39e90264f33305004495a9","hash":"507abf287222d2542d8e5c636616fa02649c5394"}
,"D:\\Tutorial\\Node-JS-Vidly\\models\\movie.js": {"path":"D:\\Tutorial\\Node-JS-Vidly\\models\\movie.js","statementMap":{"0":{"start":{"line":1,"column":17},"end":{"line":1,"column":36}},"1":{"start":{"line":2,"column":12},"end":{"line":2,"column":26}},"2":{"start":{"line":3,"column":22},"end":{"line":3,"column":40}},"3":{"start":{"line":5,"column":14},"end":{"line":29,"column":3}},"4":{"start":{"line":31,"column":25},"end":{"line":41,"column":1}},"5":{"start":{"line":32,"column":18},"end":{"line":39,"column":5}},"6":{"start":{"line":40,"column":4},"end":{"line":40,"column":33}},"7":{"start":{"line":43,"column":0},"end":{"line":43,"column":21}},"8":{"start":{"line":44,"column":0},"end":{"line":44,"column":35}}},"fnMap":{"0":{"name":"(anonymous_0)","decl":{"start":{"line":31,"column":25},"end":{"line":31,"column":26}},"loc":{"start":{"line":31,"column":36},"end":{"line":41,"column":1}},"line":31}},"branchMap":{},"s":{"0":2,"1":2,"2":2,"3":2,"4":2,"5":0,"6":0,"7":2,"8":2},"f":{"0":0},"b":{},"_coverageSchema":"1a1c01bbd47fc00a2c39e90264f33305004495a9","hash":"ab35ff4fc3974dc3530d157a5115a09008eaee3e"}
,"D:\\Tutorial\\Node-JS-Vidly\\models\\rental.js": {"path":"D:\\Tutorial\\Node-JS-Vidly\\models\\rental.js","statementMap":{"0":{"start":{"line":1,"column":17},"end":{"line":1,"column":36}},"1":{"start":{"line":2,"column":12},"end":{"line":2,"column":26}},"2":{"start":{"line":4,"column":15},"end":{"line":56,"column":3}},"3":{"start":{"line":58,"column":25},"end":{"line":66,"column":1}},"4":{"start":{"line":59,"column":18},"end":{"line":64,"column":5}},"5":{"start":{"line":65,"column":4},"end":{"line":65,"column":33}},"6":{"start":{"line":68,"column":0},"end":{"line":68,"column":23}},"7":{"start":{"line":69,"column":0},"end":{"line":69,"column":35}}},"fnMap":{"0":{"name":"(anonymous_0)","decl":{"start":{"line":58,"column":25},"end":{"line":58,"column":26}},"loc":{"start":{"line":58,"column":36},"end":{"line":66,"column":1}},"line":58}},"branchMap":{},"s":{"0":2,"1":2,"2":2,"3":2,"4":0,"5":0,"6":2,"7":2},"f":{"0":0},"b":{},"_coverageSchema":"1a1c01bbd47fc00a2c39e90264f33305004495a9","hash":"16fc431bac4b1e06ae55e1bfee9b43b3ecc943d0"}
,"D:\\Tutorial\\Node-JS-Vidly\\models\\user.js": {"path":"D:\\Tutorial\\Node-JS-Vidly\\models\\user.js","statementMap":{"0":{"start":{"line":1,"column":17},"end":{"line":1,"column":36}},"1":{"start":{"line":2,"column":12},"end":{"line":2,"column":26}},"2":{"start":{"line":3,"column":12},"end":{"line":3,"column":35}},"3":{"start":{"line":4,"column":15},"end":{"line":4,"column":32}},"4":{"start":{"line":6,"column":19},"end":{"line":27,"column":2}},"5":{"start":{"line":29,"column":0},"end":{"line":31,"column":1}},"6":{"start":{"line":30,"column":4},"end":{"line":30,"column":88}},"7":{"start":{"line":33,"column":13},"end":{"line":33,"column":47}},"8":{"start":{"line":35,"column":25},"end":{"line":44,"column":1}},"9":{"start":{"line":36,"column":18},"end":{"line":42,"column":5}},"10":{"start":{"line":43,"column":4},"end":{"line":43,"column":33}},"11":{"start":{"line":46,"column":0},"end":{"line":46,"column":19}},"12":{"start":{"line":47,"column":0},"end":{"line":47,"column":35}}},"fnMap":{"0":{"name":"(anonymous_0)","decl":{"start":{"line":29,"column":39},"end":{"line":29,"column":40}},"loc":{"start":{"line":29,"column":50},"end":{"line":31,"column":1}},"line":29},"1":{"name":"(anonymous_1)","decl":{"start":{"line":35,"column":25},"end":{"line":35,"column":26}},"loc":{"start":{"line":35,"column":36},"end":{"line":44,"column":1}},"line":35}},"branchMap":{},"s":{"0":4,"1":4,"2":4,"3":4,"4":4,"5":4,"6":10,"7":4,"8":4,"9":0,"10":0,"11":4,"12":4},"f":{"0":10,"1":0},"b":{},"_coverageSchema":"1a1c01bbd47fc00a2c39e90264f33305004495a9","hash":"a137248b7e3bd61eddc474cd0211e814cc63ea79"}
,"D:\\Tutorial\\Node-JS-Vidly\\routes\\auth.js": {"path":"D:\\Tutorial\\Node-JS-Vidly\\routes\\auth.js","statementMap":{"0":{"start":{"line":1,"column":15},"end":{"line":1,"column":40}},"1":{"start":{"line":2,"column":10},"end":{"line":2,"column":27}},"2":{"start":{"line":3,"column":17},"end":{"line":3,"column":36}},"3":{"start":{"line":4,"column":16},"end":{"line":4,"column":34}},"4":{"start":{"line":5,"column":15},"end":{"line":5,"column":32}},"5":{"start":{"line":6,"column":12},"end":{"line":6,"column":26}},"6":{"start":{"line":7,"column":15},"end":{"line":7,"column":31}},"7":{"start":{"line":9,"column":0},"end":{"line":21,"column":2}},"8":{"start":{"line":10,"column":20},"end":{"line":10,"column":38}},"9":{"start":{"line":11,"column":4},"end":{"line":11,"column":68}},"10":{"start":{"line":11,"column":15},"end":{"line":11,"column":68}},"11":{"start":{"line":13,"column":15},"end":{"line":13,"column":57}},"12":{"start":{"line":14,"column":4},"end":{"line":14,"column":72}},"13":{"start":{"line":14,"column":15},"end":{"line":14,"column":72}},"14":{"start":{"line":16,"column":25},"end":{"line":16,"column":78}},"15":{"start":{"line":17,"column":4},"end":{"line":17,"column":80}},"16":{"start":{"line":17,"column":23},"end":{"line":17,"column":80}},"17":{"start":{"line":19,"column":18},"end":{"line":19,"column":42}},"18":{"start":{"line":20,"column":4},"end":{"line":20,"column":19}},"19":{"start":{"line":25,"column":17},"end":{"line":33,"column":1}},"20":{"start":{"line":26,"column":18},"end":{"line":31,"column":5}},"21":{"start":{"line":32,"column":4},"end":{"line":32,"column":31}},"22":{"start":{"line":35,"column":0},"end":{"line":35,"column":23}}},"fnMap":{"0":{"name":"(anonymous_0)","decl":{"start":{"line":9,"column":17},"end":{"line":9,"column":18}},"loc":{"start":{"line":9,"column":37},"end":{"line":21,"column":1}},"line":9},"1":{"name":"(anonymous_1)","decl":{"start":{"line":25,"column":17},"end":{"line":25,"column":18}},"loc":{"start":{"line":25,"column":26},"end":{"line":33,"column":1}},"line":25}},"branchMap":{"0":{"loc":{"start":{"line":11,"column":4},"end":{"line":11,"column":68}},"type":"if","locations":[{"start":{"line":11,"column":4},"end":{"line":11,"column":68}},{"start":{},"end":{}}],"line":11},"1":{"loc":{"start":{"line":14,"column":4},"end":{"line":14,"column":72}},"type":"if","locations":[{"start":{"line":14,"column":4},"end":{"line":14,"column":72}},{"start":{},"end":{}}],"line":14},"2":{"loc":{"start":{"line":17,"column":4},"end":{"line":17,"column":80}},"type":"if","locations":[{"start":{"line":17,"column":4},"end":{"line":17,"column":80}},{"start":{},"end":{}}],"line":17}},"s":{"0":2,"1":2,"2":2,"3":2,"4":2,"5":2,"6":2,"7":2,"8":0,"9":0,"10":0,"11":0,"12":0,"13":0,"14":0,"15":0,"16":0,"17":0,"18":0,"19":2,"20":0,"21":0,"22":2},"f":{"0":0,"1":0},"b":{"0":[0,0],"1":[0,0],"2":[0,0]},"_coverageSchema":"1a1c01bbd47fc00a2c39e90264f33305004495a9","hash":"6c15995fa4d1b1595356ef0d5cbf0c80b387c8b4"}
,"D:\\Tutorial\\Node-JS-Vidly\\routes\\customers.js": {"path":"D:\\Tutorial\\Node-JS-Vidly\\routes\\customers.js","statementMap":{"0":{"start":{"line":1,"column":29},"end":{"line":1,"column":58}},"1":{"start":{"line":3,"column":16},"end":{"line":3,"column":34}},"2":{"start":{"line":4,"column":15},"end":{"line":4,"column":31}},"3":{"start":{"line":6,"column":0},"end":{"line":10,"column":2}},"4":{"start":{"line":7,"column":22},"end":{"line":8,"column":21}},"5":{"start":{"line":9,"column":4},"end":{"line":9,"column":23}},"6":{"start":{"line":13,"column":0},"end":{"line":17,"column":2}},"7":{"start":{"line":14,"column":21},"end":{"line":14,"column":59}},"8":{"start":{"line":15,"column":4},"end":{"line":15,"column":69}},"9":{"start":{"line":15,"column":19},"end":{"line":15,"column":69}},"10":{"start":{"line":16,"column":4},"end":{"line":16,"column":22}},"11":{"start":{"line":19,"column":0},"end":{"line":30,"column":2}},"12":{"start":{"line":20,"column":28},"end":{"line":20,"column":46}},"13":{"start":{"line":21,"column":4},"end":{"line":21,"column":68}},"14":{"start":{"line":21,"column":15},"end":{"line":21,"column":68}},"15":{"start":{"line":23,"column":21},"end":{"line":27,"column":6}},"16":{"start":{"line":28,"column":4},"end":{"line":28,"column":25}},"17":{"start":{"line":29,"column":4},"end":{"line":29,"column":22}},"18":{"start":{"line":32,"column":0},"end":{"line":45,"column":2}},"19":{"start":{"line":33,"column":20},"end":{"line":33,"column":38}},"20":{"start":{"line":34,"column":4},"end":{"line":34,"column":68}},"21":{"start":{"line":34,"column":15},"end":{"line":34,"column":68}},"22":{"start":{"line":36,"column":21},"end":{"line":42,"column":6}},"23":{"start":{"line":43,"column":4},"end":{"line":43,"column":68}},"24":{"start":{"line":43,"column":19},"end":{"line":43,"column":68}},"25":{"start":{"line":44,"column":4},"end":{"line":44,"column":22}},"26":{"start":{"line":47,"column":0},"end":{"line":51,"column":2}},"27":{"start":{"line":48,"column":21},"end":{"line":48,"column":68}},"28":{"start":{"line":49,"column":4},"end":{"line":49,"column":68}},"29":{"start":{"line":49,"column":19},"end":{"line":49,"column":68}},"30":{"start":{"line":50,"column":4},"end":{"line":50,"column":19}},"31":{"start":{"line":54,"column":0},"end":{"line":54,"column":23}}},"fnMap":{"0":{"name":"(anonymous_0)","decl":{"start":{"line":6,"column":16},"end":{"line":6,"column":17}},"loc":{"start":{"line":6,"column":36},"end":{"line":10,"column":1}},"line":6},"1":{"name":"(anonymous_1)","decl":{"start":{"line":13,"column":18},"end":{"line":13,"column":19}},"loc":{"start":{"line":13,"column":38},"end":{"line":17,"column":1}},"line":13},"2":{"name":"(anonymous_2)","decl":{"start":{"line":19,"column":16},"end":{"line":19,"column":17}},"loc":{"start":{"line":19,"column":36},"end":{"line":30,"column":1}},"line":19},"3":{"name":"(anonymous_3)","decl":{"start":{"line":32,"column":19},"end":{"line":32,"column":20}},"loc":{"start":{"line":32,"column":39},"end":{"line":45,"column":1}},"line":32},"4":{"name":"(anonymous_4)","decl":{"start":{"line":47,"column":21},"end":{"line":47,"column":22}},"loc":{"start":{"line":47,"column":41},"end":{"line":51,"column":1}},"line":47}},"branchMap":{"0":{"loc":{"start":{"line":15,"column":4},"end":{"line":15,"column":69}},"type":"if","locations":[{"start":{"line":15,"column":4},"end":{"line":15,"column":69}},{"start":{},"end":{}}],"line":15},"1":{"loc":{"start":{"line":21,"column":4},"end":{"line":21,"column":68}},"type":"if","locations":[{"start":{"line":21,"column":4},"end":{"line":21,"column":68}},{"start":{},"end":{}}],"line":21},"2":{"loc":{"start":{"line":34,"column":4},"end":{"line":34,"column":68}},"type":"if","locations":[{"start":{"line":34,"column":4},"end":{"line":34,"column":68}},{"start":{},"end":{}}],"line":34},"3":{"loc":{"start":{"line":43,"column":4},"end":{"line":43,"column":68}},"type":"if","locations":[{"start":{"line":43,"column":4},"end":{"line":43,"column":68}},{"start":{},"end":{}}],"line":43},"4":{"loc":{"start":{"line":49,"column":4},"end":{"line":49,"column":68}},"type":"if","locations":[{"start":{"line":49,"column":4},"end":{"line":49,"column":68}},{"start":{},"end":{}}],"line":49}},"s":{"0":2,"1":2,"2":2,"3":2,"4":0,"5":0,"6":2,"7":0,"8":0,"9":0,"10":0,"11":2,"12":0,"13":0,"14":0,"15":0,"16":0,"17":0,"18":2,"19":0,"20":0,"21":0,"22":0,"23":0,"24":0,"25":0,"26":2,"27":0,"28":0,"29":0,"30":0,"31":2},"f":{"0":0,"1":0,"2":0,"3":0,"4":0},"b":{"0":[0,0],"1":[0,0],"2":[0,0],"3":[0,0],"4":[0,0]},"_coverageSchema":"1a1c01bbd47fc00a2c39e90264f33305004495a9","hash":"b5647f8fbe4f097b44955577282e306a67546673"}
,"D:\\Tutorial\\Node-JS-Vidly\\routes\\genres.js": {"path":"D:\\Tutorial\\Node-JS-Vidly\\routes\\genres.js","statementMap":{"0":{"start":{"line":1,"column":25},"end":{"line":1,"column":65}},"1":{"start":{"line":2,"column":24},"end":{"line":2,"column":54}},"2":{"start":{"line":3,"column":13},"end":{"line":3,"column":42}},"3":{"start":{"line":4,"column":14},"end":{"line":4,"column":44}},"4":{"start":{"line":5,"column":17},"end":{"line":5,"column":36}},"5":{"start":{"line":6,"column":16},"end":{"line":6,"column":34}},"6":{"start":{"line":7,"column":15},"end":{"line":7,"column":31}},"7":{"start":{"line":8,"column":26},"end":{"line":8,"column":52}},"8":{"start":{"line":10,"column":0},"end":{"line":13,"column":2}},"9":{"start":{"line":11,"column":19},"end":{"line":11,"column":50}},"10":{"start":{"line":12,"column":4},"end":{"line":12,"column":20}},"11":{"start":{"line":15,"column":0},"end":{"line":19,"column":2}},"12":{"start":{"line":16,"column":18},"end":{"line":16,"column":53}},"13":{"start":{"line":17,"column":4},"end":{"line":17,"column":65}},"14":{"start":{"line":17,"column":16},"end":{"line":17,"column":65}},"15":{"start":{"line":18,"column":4},"end":{"line":18,"column":19}},"16":{"start":{"line":21,"column":0},"end":{"line":29,"column":3}},"17":{"start":{"line":22,"column":20},"end":{"line":22,"column":38}},"18":{"start":{"line":23,"column":4},"end":{"line":23,"column":68}},"19":{"start":{"line":23,"column":15},"end":{"line":23,"column":68}},"20":{"start":{"line":25,"column":16},"end":{"line":25,"column":48}},"21":{"start":{"line":26,"column":4},"end":{"line":26,"column":22}},"22":{"start":{"line":28,"column":4},"end":{"line":28,"column":19}},"23":{"start":{"line":31,"column":0},"end":{"line":40,"column":2}},"24":{"start":{"line":32,"column":20},"end":{"line":32,"column":38}},"25":{"start":{"line":33,"column":4},"end":{"line":33,"column":68}},"26":{"start":{"line":33,"column":15},"end":{"line":33,"column":68}},"27":{"start":{"line":35,"column":18},"end":{"line":37,"column":6}},"28":{"start":{"line":38,"column":4},"end":{"line":38,"column":65}},"29":{"start":{"line":38,"column":16},"end":{"line":38,"column":65}},"30":{"start":{"line":39,"column":4},"end":{"line":39,"column":19}},"31":{"start":{"line":42,"column":0},"end":{"line":46,"column":2}},"32":{"start":{"line":43,"column":18},"end":{"line":43,"column":62}},"33":{"start":{"line":44,"column":4},"end":{"line":44,"column":65}},"34":{"start":{"line":44,"column":16},"end":{"line":44,"column":65}},"35":{"start":{"line":45,"column":4},"end":{"line":45,"column":19}},"36":{"start":{"line":48,"column":0},"end":{"line":48,"column":23}}},"fnMap":{"0":{"name":"(anonymous_0)","decl":{"start":{"line":10,"column":15},"end":{"line":10,"column":16}},"loc":{"start":{"line":10,"column":35},"end":{"line":13,"column":1}},"line":10},"1":{"name":"(anonymous_1)","decl":{"start":{"line":15,"column":36},"end":{"line":15,"column":37}},"loc":{"start":{"line":15,"column":56},"end":{"line":19,"column":1}},"line":15},"2":{"name":"(anonymous_2)","decl":{"start":{"line":21,"column":37},"end":{"line":21,"column":38}},"loc":{"start":{"line":21,"column":57},"end":{"line":29,"column":1}},"line":21},"3":{"name":"(anonymous_3)","decl":{"start":{"line":31,"column":32},"end":{"line":31,"column":33}},"loc":{"start":{"line":31,"column":52},"end":{"line":40,"column":1}},"line":31},"4":{"name":"(anonymous_4)","decl":{"start":{"line":42,"column":35},"end":{"line":42,"column":36}},"loc":{"start":{"line":42,"column":55},"end":{"line":46,"column":1}},"line":42}},"branchMap":{"0":{"loc":{"start":{"line":17,"column":4},"end":{"line":17,"column":65}},"type":"if","locations":[{"start":{"line":17,"column":4},"end":{"line":17,"column":65}},{"start":{},"end":{}}],"line":17},"1":{"loc":{"start":{"line":23,"column":4},"end":{"line":23,"column":68}},"type":"if","locations":[{"start":{"line":23,"column":4},"end":{"line":23,"column":68}},{"start":{},"end":{}}],"line":23},"2":{"loc":{"start":{"line":33,"column":4},"end":{"line":33,"column":68}},"type":"if","locations":[{"start":{"line":33,"column":4},"end":{"line":33,"column":68}},{"start":{},"end":{}}],"line":33},"3":{"loc":{"start":{"line":38,"column":4},"end":{"line":38,"column":65}},"type":"if","locations":[{"start":{"line":38,"column":4},"end":{"line":38,"column":65}},{"start":{},"end":{}}],"line":38},"4":{"loc":{"start":{"line":44,"column":4},"end":{"line":44,"column":65}},"type":"if","locations":[{"start":{"line":44,"column":4},"end":{"line":44,"column":65}},{"start":{},"end":{}}],"line":44}},"s":{"0":2,"1":2,"2":2,"3":2,"4":2,"5":2,"6":2,"7":2,"8":2,"9":1,"10":1,"11":2,"12":2,"13":2,"14":1,"15":1,"16":2,"17":5,"18":5,"19":2,"20":3,"21":3,"22":3,"23":2,"24":0,"25":0,"26":0,"27":0,"28":0,"29":0,"30":0,"31":2,"32":0,"33":0,"34":0,"35":0,"36":2},"f":{"0":1,"1":2,"2":5,"3":0,"4":0},"b":{"0":[1,1],"1":[2,3],"2":[0,0],"3":[0,0],"4":[0,0]},"_coverageSchema":"1a1c01bbd47fc00a2c39e90264f33305004495a9","hash":"e7a54d8c624cfbb964607c1add68a8ebbec58796"}
,"D:\\Tutorial\\Node-JS-Vidly\\routes\\movies.js": {"path":"D:\\Tutorial\\Node-JS-Vidly\\routes\\movies.js","statementMap":{"0":{"start":{"line":1,"column":26},"end":{"line":1,"column":52}},"1":{"start":{"line":2,"column":16},"end":{"line":2,"column":42}},"2":{"start":{"line":3,"column":17},"end":{"line":3,"column":36}},"3":{"start":{"line":4,"column":16},"end":{"line":4,"column":34}},"4":{"start":{"line":5,"column":15},"end":{"line":5,"column":31}},"5":{"start":{"line":7,"column":0},"end":{"line":11,"column":2}},"6":{"start":{"line":8,"column":19},"end":{"line":9,"column":22}},"7":{"start":{"line":10,"column":4},"end":{"line":10,"column":20}},"8":{"start":{"line":14,"column":0},"end":{"line":18,"column":2}},"9":{"start":{"line":15,"column":18},"end":{"line":15,"column":53}},"10":{"start":{"line":16,"column":4},"end":{"line":16,"column":66}},"11":{"start":{"line":16,"column":16},"end":{"line":16,"column":66}},"12":{"start":{"line":17,"column":4},"end":{"line":17,"column":19}},"13":{"start":{"line":20,"column":0},"end":{"line":38,"column":2}},"14":{"start":{"line":21,"column":28},"end":{"line":21,"column":46}},"15":{"start":{"line":22,"column":4},"end":{"line":22,"column":68}},"16":{"start":{"line":22,"column":15},"end":{"line":22,"column":68}},"17":{"start":{"line":24,"column":18},"end":{"line":24,"column":56}},"18":{"start":{"line":25,"column":4},"end":{"line":25,"column":62}},"19":{"start":{"line":25,"column":16},"end":{"line":25,"column":62}},"20":{"start":{"line":27,"column":18},"end":{"line":35,"column":6}},"21":{"start":{"line":36,"column":4},"end":{"line":36,"column":22}},"22":{"start":{"line":37,"column":4},"end":{"line":37,"column":19}},"23":{"start":{"line":68,"column":0},"end":{"line":68,"column":23}}},"fnMap":{"0":{"name":"(anonymous_0)","decl":{"start":{"line":7,"column":16},"end":{"line":7,"column":17}},"loc":{"start":{"line":7,"column":36},"end":{"line":11,"column":1}},"line":7},"1":{"name":"(anonymous_1)","decl":{"start":{"line":14,"column":18},"end":{"line":14,"column":19}},"loc":{"start":{"line":14,"column":38},"end":{"line":18,"column":1}},"line":14},"2":{"name":"(anonymous_2)","decl":{"start":{"line":20,"column":16},"end":{"line":20,"column":17}},"loc":{"start":{"line":20,"column":36},"end":{"line":38,"column":1}},"line":20}},"branchMap":{"0":{"loc":{"start":{"line":16,"column":4},"end":{"line":16,"column":66}},"type":"if","locations":[{"start":{"line":16,"column":4},"end":{"line":16,"column":66}},{"start":{},"end":{}}],"line":16},"1":{"loc":{"start":{"line":22,"column":4},"end":{"line":22,"column":68}},"type":"if","locations":[{"start":{"line":22,"column":4},"end":{"line":22,"column":68}},{"start":{},"end":{}}],"line":22},"2":{"loc":{"start":{"line":25,"column":4},"end":{"line":25,"column":62}},"type":"if","locations":[{"start":{"line":25,"column":4},"end":{"line":25,"column":62}},{"start":{},"end":{}}],"line":25}},"s":{"0":2,"1":2,"2":2,"3":2,"4":2,"5":2,"6":0,"7":0,"8":2,"9":0,"10":0,"11":0,"12":0,"13":2,"14":0,"15":0,"16":0,"17":0,"18":0,"19":0,"20":0,"21":0,"22":0,"23":2},"f":{"0":0,"1":0,"2":0},"b":{"0":[0,0],"1":[0,0],"2":[0,0]},"_coverageSchema":"1a1c01bbd47fc00a2c39e90264f33305004495a9","hash":"98ac6fc8476cd58f5e9c7fe2849cfe409799b540"}
,"D:\\Tutorial\\Node-JS-Vidly\\routes\\rentals.js": {"path":"D:\\Tutorial\\Node-JS-Vidly\\routes\\rentals.js","statementMap":{"0":{"start":{"line":1,"column":19},"end":{"line":1,"column":48}},"1":{"start":{"line":2,"column":27},"end":{"line":2,"column":54}},"2":{"start":{"line":3,"column":16},"end":{"line":3,"column":42}},"3":{"start":{"line":4,"column":17},"end":{"line":4,"column":36}},"4":{"start":{"line":5,"column":16},"end":{"line":5,"column":34}},"5":{"start":{"line":6,"column":15},"end":{"line":6,"column":31}},"6":{"start":{"line":8,"column":0},"end":{"line":12,"column":2}},"7":{"start":{"line":9,"column":20},"end":{"line":10,"column":25}},"8":{"start":{"line":11,"column":4},"end":{"line":11,"column":21}},"9":{"start":{"line":14,"column":0},"end":{"line":18,"column":2}},"10":{"start":{"line":15,"column":19},"end":{"line":15,"column":55}},"11":{"start":{"line":16,"column":4},"end":{"line":16,"column":67}},"12":{"start":{"line":16,"column":17},"end":{"line":16,"column":67}},"13":{"start":{"line":17,"column":4},"end":{"line":17,"column":20}},"14":{"start":{"line":20,"column":0},"end":{"line":56,"column":2}},"15":{"start":{"line":21,"column":28},"end":{"line":21,"column":46}},"16":{"start":{"line":22,"column":4},"end":{"line":22,"column":68}},"17":{"start":{"line":22,"column":15},"end":{"line":22,"column":68}},"18":{"start":{"line":24,"column":21},"end":{"line":24,"column":65}},"19":{"start":{"line":25,"column":4},"end":{"line":25,"column":68}},"20":{"start":{"line":25,"column":19},"end":{"line":25,"column":68}},"21":{"start":{"line":27,"column":18},"end":{"line":27,"column":56}},"22":{"start":{"line":28,"column":4},"end":{"line":28,"column":62}},"23":{"start":{"line":28,"column":16},"end":{"line":28,"column":62}},"24":{"start":{"line":30,"column":4},"end":{"line":30,"column":88}},"25":{"start":{"line":30,"column":35},"end":{"line":30,"column":88}},"26":{"start":{"line":32,"column":19},"end":{"line":43,"column":6}},"27":{"start":{"line":44,"column":4},"end":{"line":55,"column":5}},"28":{"start":{"line":45,"column":24},"end":{"line":45,"column":53}},"29":{"start":{"line":46,"column":8},"end":{"line":51,"column":11}},"30":{"start":{"line":47,"column":12},"end":{"line":47,"column":32}},"31":{"start":{"line":48,"column":12},"end":{"line":48,"column":34}},"32":{"start":{"line":49,"column":12},"end":{"line":49,"column":25}},"33":{"start":{"line":50,"column":12},"end":{"line":50,"column":29}},"34":{"start":{"line":52,"column":8},"end":{"line":52,"column":29}},"35":{"start":{"line":54,"column":8},"end":{"line":54,"column":47}},"36":{"start":{"line":95,"column":0},"end":{"line":95,"column":23}}},"fnMap":{"0":{"name":"(anonymous_0)","decl":{"start":{"line":8,"column":16},"end":{"line":8,"column":17}},"loc":{"start":{"line":8,"column":36},"end":{"line":12,"column":1}},"line":8},"1":{"name":"(anonymous_1)","decl":{"start":{"line":14,"column":18},"end":{"line":14,"column":19}},"loc":{"start":{"line":14,"column":38},"end":{"line":18,"column":1}},"line":14},"2":{"name":"(anonymous_2)","decl":{"start":{"line":20,"column":16},"end":{"line":20,"column":17}},"loc":{"start":{"line":20,"column":36},"end":{"line":56,"column":1}},"line":20},"3":{"name":"(anonymous_3)","decl":{"start":{"line":46,"column":38},"end":{"line":46,"column":39}},"loc":{"start":{"line":46,"column":50},"end":{"line":51,"column":9}},"line":46}},"branchMap":{"0":{"loc":{"start":{"line":16,"column":4},"end":{"line":16,"column":67}},"type":"if","locations":[{"start":{"line":16,"column":4},"end":{"line":16,"column":67}},{"start":{},"end":{}}],"line":16},"1":{"loc":{"start":{"line":22,"column":4},"end":{"line":22,"column":68}},"type":"if","locations":[{"start":{"line":22,"column":4},"end":{"line":22,"column":68}},{"start":{},"end":{}}],"line":22},"2":{"loc":{"start":{"line":25,"column":4},"end":{"line":25,"column":68}},"type":"if","locations":[{"start":{"line":25,"column":4},"end":{"line":25,"column":68}},{"start":{},"end":{}}],"line":25},"3":{"loc":{"start":{"line":28,"column":4},"end":{"line":28,"column":62}},"type":"if","locations":[{"start":{"line":28,"column":4},"end":{"line":28,"column":62}},{"start":{},"end":{}}],"line":28},"4":{"loc":{"start":{"line":30,"column":4},"end":{"line":30,"column":88}},"type":"if","locations":[{"start":{"line":30,"column":4},"end":{"line":30,"column":88}},{"start":{},"end":{}}],"line":30}},"s":{"0":2,"1":2,"2":2,"3":2,"4":2,"5":2,"6":2,"7":0,"8":0,"9":2,"10":0,"11":0,"12":0,"13":0,"14":2,"15":0,"16":0,"17":0,"18":0,"19":0,"20":0,"21":0,"22":0,"23":0,"24":0,"25":0,"26":0,"27":0,"28":0,"29":0,"30":0,"31":0,"32":0,"33":0,"34":0,"35":0,"36":2},"f":{"0":0,"1":0,"2":0,"3":0},"b":{"0":[0,0],"1":[0,0],"2":[0,0],"3":[0,0],"4":[0,0]},"_coverageSchema":"1a1c01bbd47fc00a2c39e90264f33305004495a9","hash":"01dbb77a65e0cad9bb62f783da1e5cc70806ea56"}
,"D:\\Tutorial\\Node-JS-Vidly\\routes\\users.js": {"path":"D:\\Tutorial\\Node-JS-Vidly\\routes\\users.js","statementMap":{"0":{"start":{"line":1,"column":13},"end":{"line":1,"column":42}},"1":{"start":{"line":2,"column":25},"end":{"line":2,"column":50}},"2":{"start":{"line":3,"column":10},"end":{"line":3,"column":27}},"3":{"start":{"line":4,"column":17},"end":{"line":4,"column":36}},"4":{"start":{"line":5,"column":16},"end":{"line":5,"column":34}},"5":{"start":{"line":6,"column":15},"end":{"line":6,"column":32}},"6":{"start":{"line":7,"column":12},"end":{"line":7,"column":35}},"7":{"start":{"line":8,"column":15},"end":{"line":8,"column":32}},"8":{"start":{"line":9,"column":15},"end":{"line":9,"column":31}},"9":{"start":{"line":11,"column":0},"end":{"line":14,"column":2}},"10":{"start":{"line":12,"column":17},"end":{"line":12,"column":70}},"11":{"start":{"line":13,"column":4},"end":{"line":13,"column":18}},"12":{"start":{"line":16,"column":0},"end":{"line":30,"column":2}},"13":{"start":{"line":17,"column":20},"end":{"line":17,"column":38}},"14":{"start":{"line":18,"column":4},"end":{"line":18,"column":68}},"15":{"start":{"line":18,"column":15},"end":{"line":18,"column":68}},"16":{"start":{"line":20,"column":15},"end":{"line":20,"column":57}},"17":{"start":{"line":21,"column":4},"end":{"line":21,"column":65}},"18":{"start":{"line":21,"column":14},"end":{"line":21,"column":65}},"19":{"start":{"line":23,"column":4},"end":{"line":23,"column":65}},"20":{"start":{"line":24,"column":17},"end":{"line":24,"column":41}},"21":{"start":{"line":25,"column":4},"end":{"line":25,"column":58}},"22":{"start":{"line":26,"column":4},"end":{"line":26,"column":21}},"23":{"start":{"line":27,"column":18},"end":{"line":27,"column":42}},"24":{"start":{"line":28,"column":4},"end":{"line":29,"column":5}},"25":{"start":{"line":32,"column":0},"end":{"line":32,"column":23}}},"fnMap":{"0":{"name":"(anonymous_0)","decl":{"start":{"line":11,"column":22},"end":{"line":11,"column":23}},"loc":{"start":{"line":11,"column":39},"end":{"line":14,"column":1}},"line":11},"1":{"name":"(anonymous_1)","decl":{"start":{"line":16,"column":17},"end":{"line":16,"column":18}},"loc":{"start":{"line":16,"column":37},"end":{"line":30,"column":1}},"line":16}},"branchMap":{"0":{"loc":{"start":{"line":18,"column":4},"end":{"line":18,"column":68}},"type":"if","locations":[{"start":{"line":18,"column":4},"end":{"line":18,"column":68}},{"start":{},"end":{}}],"line":18},"1":{"loc":{"start":{"line":21,"column":4},"end":{"line":21,"column":65}},"type":"if","locations":[{"start":{"line":21,"column":4},"end":{"line":21,"column":65}},{"start":{},"end":{}}],"line":21}},"s":{"0":2,"1":2,"2":2,"3":2,"4":2,"5":2,"6":2,"7":2,"8":2,"9":2,"10":0,"11":0,"12":2,"13":0,"14":0,"15":0,"16":0,"17":0,"18":0,"19":0,"20":0,"21":0,"22":0,"23":0,"24":0,"25":2},"f":{"0":0,"1":0},"b":{"0":[0,0],"1":[0,0]},"_coverageSchema":"1a1c01bbd47fc00a2c39e90264f33305004495a9","hash":"cb02b84a8a1c02b9081a6bd75831d5644b188fe3"}
,"D:\\Tutorial\\Node-JS-Vidly\\startup\\api.js": {"path":"D:\\Tutorial\\Node-JS-Vidly\\startup\\api.js","statementMap":{"0":{"start":{"line":1,"column":12},"end":{"line":1,"column":26}},"1":{"start":{"line":3,"column":0},"end":{"line":5,"column":1}},"2":{"start":{"line":4,"column":4},"end":{"line":4,"column":47}}},"fnMap":{"0":{"name":"(anonymous_0)","decl":{"start":{"line":3,"column":17},"end":{"line":3,"column":18}},"loc":{"start":{"line":3,"column":28},"end":{"line":5,"column":1}},"line":3}},"branchMap":{},"s":{"0":2,"1":2,"2":2},"f":{"0":2},"b":{},"_coverageSchema":"1a1c01bbd47fc00a2c39e90264f33305004495a9","hash":"17a9eaeab049541ca40beccee826eb167201a246"}
,"D:\\Tutorial\\Node-JS-Vidly\\startup\\config.js": {"path":"D:\\Tutorial\\Node-JS-Vidly\\startup\\config.js","statementMap":{"0":{"start":{"line":1,"column":15},"end":{"line":1,"column":32}},"1":{"start":{"line":3,"column":0},"end":{"line":7,"column":1}},"2":{"start":{"line":4,"column":4},"end":{"line":6,"column":5}},"3":{"start":{"line":5,"column":8},"end":{"line":5,"column":68}}},"fnMap":{"0":{"name":"(anonymous_0)","decl":{"start":{"line":3,"column":17},"end":{"line":3,"column":18}},"loc":{"start":{"line":3,"column":28},"end":{"line":7,"column":1}},"line":3}},"branchMap":{"0":{"loc":{"start":{"line":4,"column":4},"end":{"line":6,"column":5}},"type":"if","locations":[{"start":{"line":4,"column":4},"end":{"line":6,"column":5}},{"start":{},"end":{}}],"line":4}},"s":{"0":2,"1":2,"2":2,"3":0},"f":{"0":2},"b":{"0":[0,2]},"_coverageSchema":"1a1c01bbd47fc00a2c39e90264f33305004495a9","hash":"209cf90710720bdfb078dfef4cffb669b9db646d"}
,"D:\\Tutorial\\Node-JS-Vidly\\startup\\db.js": {"path":"D:\\Tutorial\\Node-JS-Vidly\\startup\\db.js","statementMap":{"0":{"start":{"line":1,"column":17},"end":{"line":1,"column":36}},"1":{"start":{"line":2,"column":16},"end":{"line":2,"column":34}},"2":{"start":{"line":3,"column":15},"end":{"line":3,"column":32}},"3":{"start":{"line":4,"column":18},"end":{"line":4,"column":36}},"4":{"start":{"line":6,"column":0},"end":{"line":14,"column":1}},"5":{"start":{"line":7,"column":15},"end":{"line":7,"column":31}},"6":{"start":{"line":8,"column":4},"end":{"line":10,"column":47}},"7":{"start":{"line":10,"column":12},"end":{"line":10,"column":46}},"8":{"start":{"line":11,"column":12},"end":{"line":13,"column":15}}},"fnMap":{"0":{"name":"(anonymous_0)","decl":{"start":{"line":6,"column":15},"end":{"line":6,"column":16}},"loc":{"start":{"line":6,"column":26},"end":{"line":14,"column":1}},"line":6},"1":{"name":"(anonymous_1)","decl":{"start":{"line":9,"column":14},"end":{"line":9,"column":15}},"loc":{"start":{"line":10,"column":12},"end":{"line":10,"column":46}},"line":10}},"branchMap":{},"s":{"0":2,"1":2,"2":2,"3":2,"4":2,"5":2,"6":2,"7":2,"8":2},"f":{"0":2,"1":2},"b":{},"_coverageSchema":"1a1c01bbd47fc00a2c39e90264f33305004495a9","hash":"37b9aef9991ea89000d06a5fbf2f13899b5fae0f"}
,"D:\\Tutorial\\Node-JS-Vidly\\startup\\logging.js": {"path":"D:\\Tutorial\\Node-JS-Vidly\\startup\\logging.js","statementMap":{"0":{"start":{"line":1,"column":16},"end":{"line":1,"column":34}},"1":{"start":{"line":2,"column":0},"end":{"line":2,"column":26}},"2":{"start":{"line":3,"column":0},"end":{"line":3,"column":31}},"3":{"start":{"line":5,"column":0},"end":{"line":25,"column":1}},"4":{"start":{"line":6,"column":4},"end":{"line":9,"column":6}},"5":{"start":{"line":7,"column":8},"end":{"line":7,"column":37}},"6":{"start":{"line":8,"column":8},"end":{"line":8,"column":23}},"7":{"start":{"line":11,"column":4},"end":{"line":11,"column":95}},"8":{"start":{"line":13,"column":4},"end":{"line":17,"column":6}},"9":{"start":{"line":14,"column":8},"end":{"line":14,"column":87}},"10":{"start":{"line":15,"column":8},"end":{"line":15,"column":51}},"11":{"start":{"line":16,"column":8},"end":{"line":16,"column":37}},"12":{"start":{"line":19,"column":4},"end":{"line":19,"column":70}},"13":{"start":{"line":20,"column":4},"end":{"line":23,"column":7}}},"fnMap":{"0":{"name":"(anonymous_0)","decl":{"start":{"line":5,"column":17},"end":{"line":5,"column":18}},"loc":{"start":{"line":5,"column":28},"end":{"line":25,"column":1}},"line":5},"1":{"name":"(anonymous_1)","decl":{"start":{"line":6,"column":37},"end":{"line":6,"column":38}},"loc":{"start":{"line":6,"column":43},"end":{"line":9,"column":5}},"line":6},"2":{"name":"(anonymous_2)","decl":{"start":{"line":13,"column":36},"end":{"line":13,"column":37}},"loc":{"start":{"line":13,"column":42},"end":{"line":17,"column":5}},"line":13}},"branchMap":{},"s":{"0":2,"1":2,"2":2,"3":2,"4":2,"5":0,"6":0,"7":2,"8":2,"9":0,"10":0,"11":0,"12":2,"13":2},"f":{"0":2,"1":0,"2":0},"b":{},"_coverageSchema":"1a1c01bbd47fc00a2c39e90264f33305004495a9","hash":"b2ab555af97b40886af6d3ac80212a65343accba"}
,"D:\\Tutorial\\Node-JS-Vidly\\startup\\routes.js": {"path":"D:\\Tutorial\\Node-JS-Vidly\\startup\\routes.js","statementMap":{"0":{"start":{"line":1,"column":15},"end":{"line":1,"column":42}},"1":{"start":{"line":2,"column":18},"end":{"line":2,"column":48}},"2":{"start":{"line":3,"column":15},"end":{"line":3,"column":42}},"3":{"start":{"line":4,"column":16},"end":{"line":4,"column":44}},"4":{"start":{"line":5,"column":14},"end":{"line":5,"column":40}},"5":{"start":{"line":6,"column":13},"end":{"line":6,"column":38}},"6":{"start":{"line":7,"column":14},"end":{"line":7,"column":44}},"7":{"start":{"line":8,"column":16},"end":{"line":8,"column":34}},"8":{"start":{"line":9,"column":12},"end":{"line":9,"column":21}},"9":{"start":{"line":11,"column":0},"end":{"line":21,"column":1}},"10":{"start":{"line":12,"column":4},"end":{"line":12,"column":27}},"11":{"start":{"line":13,"column":4},"end":{"line":13,"column":51}},"12":{"start":{"line":14,"column":4},"end":{"line":14,"column":34}},"13":{"start":{"line":15,"column":4},"end":{"line":15,"column":40}},"14":{"start":{"line":16,"column":4},"end":{"line":16,"column":34}},"15":{"start":{"line":17,"column":4},"end":{"line":17,"column":36}},"16":{"start":{"line":18,"column":4},"end":{"line":18,"column":32}},"17":{"start":{"line":19,"column":4},"end":{"line":19,"column":30}},"18":{"start":{"line":20,"column":4},"end":{"line":20,"column":18}}},"fnMap":{"0":{"name":"(anonymous_0)","decl":{"start":{"line":11,"column":17},"end":{"line":11,"column":18}},"loc":{"start":{"line":11,"column":31},"end":{"line":21,"column":1}},"line":11}},"branchMap":{},"s":{"0":2,"1":2,"2":2,"3":2,"4":2,"5":2,"6":2,"7":2,"8":2,"9":2,"10":2,"11":2,"12":2,"13":2,"14":2,"15":2,"16":2,"17":2,"18":2},"f":{"0":2},"b":{},"_coverageSchema":"1a1c01bbd47fc00a2c39e90264f33305004495a9","hash":"731b95c08879171f129674e7e1abc39ab105f060"}
}
